<?xml version="1.0" encoding="UTF-8"?>
<!-- Generated by org.testng.reporters.JUnitReportReporter -->
<testsuite hostname="KAMRAN-KHAN" failures="0" tests="1" name="com.hrportal.testcases.demo" time="32.201" errors="0" timestamp="2023-05-02T18:00:37 IST" skipped="0">
  <testcase classname="com.hrportal.testcases.demo" name="test" time="32.201"/>
  <system-out/>
</testsuite> <!-- com.hrportal.testcases.demo -->
