<?xml version="1.0" encoding="UTF-8"?>
<!-- Generated by org.testng.reporters.JUnitReportReporter -->
<testsuite hostname="KAMRAN-KHAN" failures="0" tests="3" name="com.baseclass.LoginTest" time="23.045" errors="0" timestamp="2023-05-18T11:03:25 IST" skipped="1">
  <testcase classname="com.baseclass.LoginTest" name="applyLeave" time="2.599"/>
  <system-out/>
  <testcase classname="com.baseclass.LoginTest" name="login" time="20.446"/>
  <system-out/>
  <testcase classname="com.baseclass.LoginTest" name="loginWithInvalidCred">
    <skipped/>
  </testcase> <!-- loginWithInvalidCred -->
  <system-out/>
</testsuite> <!-- com.baseclass.LoginTest -->
